This is pdfTeX, Version 3.14159265-2.6-1.40.15 (TeX Live 2014) (preloaded format=prv_VFB_owled2014 2014.7.30)  30 JUL 2014 18:36
entering extended mode
 restricted \write18 enabled.
 %&-line parsing enabled.
**&prv_VFB_owled2014 _region_.tex
(./_region_.tex
LaTeX2e <2014/05/01>
Babel <3.9k> and hyphenation patterns for 78 languages loaded.
CUSTOMISED FORMAT. Preloaded files:
        .
   llncs.cls    2013/09/27 v2.18 
 LaTeX document class for Lecture Notes in Computer Science
 article.cls    2007/10/19 v1.4h Standard LaTeX document class
  size10.clo    2007/10/19 v1.4h Standard LaTeX file (size option)
multicol.sty    2014/04/23 v1.8e multicolumn formatting (FMi)
aliascnt.sty    2009/09/08 v1.3 Alias counter (HO)
remreset.sty    
 amssymb.sty    2013/01/14 v3.01 AMS font symbols
amsfonts.sty    2013/01/14 v3.01 Basic AMSFonts support
graphicx.sty    2014/04/25 v1.0g Enhanced LaTeX Graphics (DPC,SPQR)
  keyval.sty    2014/05/08 v1.15 key=value parser (DPC)
graphics.sty    2009/02/05 v1.0o Standard LaTeX Graphics (DPC,SPQR)
    trig.sty    1999/03/16 v1.09 sin cos tan (DPC)
graphics.cfg    2010/04/23 v1.9 graphics configuration of TeX Live
  pdftex.def    2011/05/27 v0.06d Graphics/color for pdfTeX
infwarerr.sty    2010/04/08 v1.3 Providing info/warning/error messages (HO)
 ltxcmds.sty    2011/11/09 v1.22 LaTeX kernel commands for general use (HO)
     url.sty    2013/09/16  ver 3.4  Verb mode for urls, etc.
    umsa.fd    2013/01/14 v3.01 AMS symbols A
    umsb.fd    2013/01/14 v3.01 AMS symbols B
        .
No file _region_.aux.
LaTeX Font Info:    Checking defaults for OML/cmm/m/it on input line 36.
LaTeX Font Info:    ... okay on input line 36.
LaTeX Font Info:    Checking defaults for T1/cmr/m/n on input line 36.
LaTeX Font Info:    ... okay on input line 36.
LaTeX Font Info:    Checking defaults for OT1/cmr/m/n on input line 36.
LaTeX Font Info:    ... okay on input line 36.
LaTeX Font Info:    Checking defaults for OMS/cmsy/m/n on input line 36.
LaTeX Font Info:    ... okay on input line 36.
LaTeX Font Info:    Checking defaults for OMX/cmex/m/n on input line 36.
LaTeX Font Info:    ... okay on input line 36.
LaTeX Font Info:    Checking defaults for U/cmr/m/n on input line 36.
LaTeX Font Info:    ... okay on input line 36.

(/Applications/Aquamacs.app/Contents/Resources/lisp/aquamacs/edit-modes/auctex/
latex/preview.sty
Package: preview 2010/02/14 11.87 (AUCTeX/preview-latex)

(/Applications/Aquamacs.app/Contents/Resources/lisp/aquamacs/edit-modes/auctex/
latex/prtightpage.def
\PreviewBorder=\dimen127
)
(/Applications/Aquamacs.app/Contents/Resources/lisp/aquamacs/edit-modes/auctex/
latex/prauctex.def
No auxiliary output files.


\hbadness=\count117
\hfuzz=\dimen128

(/Applications/Aquamacs.app/Contents/Resources/lisp/aquamacs/edit-modes/auctex/
latex/prauctex.cfg))
(/Applications/Aquamacs.app/Contents/Resources/lisp/aquamacs/edit-modes/auctex/
latex/prfootnotes.def)
\pr@snippet=\count118
\pr@box=\box54
\pr@output=\toks20

Preview: Fontsize 10pt
Preview: PDFoutput 1
) (/usr/local/texlive/2014/texmf-dist/tex/context/base/supp-pdf.mkii
[Loading MPS to PDF converter (version 2006.09.02).]
\scratchcounter=\count119
\scratchdimen=\dimen129
\scratchbox=\box55
\nofMPsegments=\count120
\nofMParguments=\count121
\everyMPshowfont=\toks21
\MPscratchCnt=\count122
\MPscratchDim=\dimen130
\MPnumerator=\count123
\makeMPintoPDFobject=\count124
\everyMPtoPDFconversion=\toks22
) (/usr/local/texlive/2014/texmf-dist/tex/generic/oberdiek/pdftexcmds.sty
Package: pdftexcmds 2011/11/29 v0.20 Utility functions of pdfTeX for LuaTeX (HO
)

(/usr/local/texlive/2014/texmf-dist/tex/generic/oberdiek/ifluatex.sty
Package: ifluatex 2010/03/01 v1.3 Provides the ifluatex switch (HO)
Package ifluatex Info: LuaTeX not detected.
)
(/usr/local/texlive/2014/texmf-dist/tex/generic/oberdiek/ifpdf.sty
Package: ifpdf 2011/01/30 v2.3 Provides the ifpdf switch (HO)
Package ifpdf Info: pdfTeX in PDF mode is detected.
)
Package pdftexcmds Info: LuaTeX not detected.
Package pdftexcmds Info: \pdf@primitive is available.
Package pdftexcmds Info: \pdf@ifprimitive is available.
Package pdftexcmds Info: \pdfdraftmode found.
)
(/usr/local/texlive/2014/texmf-dist/tex/latex/oberdiek/epstopdf-base.sty
Package: epstopdf-base 2010/02/09 v2.5 Base part for package epstopdf

(/usr/local/texlive/2014/texmf-dist/tex/latex/oberdiek/grfext.sty
Package: grfext 2010/08/19 v1.1 Manage graphics extensions (HO)

(/usr/local/texlive/2014/texmf-dist/tex/generic/oberdiek/kvdefinekeys.sty
Package: kvdefinekeys 2011/04/07 v1.3 Define keys (HO)
))
(/usr/local/texlive/2014/texmf-dist/tex/latex/oberdiek/kvoptions.sty
Package: kvoptions 2011/06/30 v3.11 Key value format for package options (HO)

(/usr/local/texlive/2014/texmf-dist/tex/generic/oberdiek/kvsetkeys.sty
Package: kvsetkeys 2012/04/25 v1.16 Key value parser (HO)

(/usr/local/texlive/2014/texmf-dist/tex/generic/oberdiek/etexcmds.sty
Package: etexcmds 2011/02/16 v1.5 Avoid name clashes with e-TeX commands (HO)
Package etexcmds Info: Could not find \expanded.
(etexcmds)             That can mean that you are not using pdfTeX 1.50 or
(etexcmds)             that some package has redefined \expanded.
(etexcmds)             In the latter case, load this package earlier.
)))
Package grfext Info: Graphics extension search list:
(grfext)             [.png,.pdf,.jpg,.mps,.jpeg,.jbig2,.jb2,.PNG,.PDF,.JPG,.JPE
G,.JBIG2,.JB2,.eps]
(grfext)             \AppendGraphicsExtensions on input line 452.

(/usr/local/texlive/2014/texmf-dist/tex/latex/latexconfig/epstopdf-sys.cfg
File: epstopdf-sys.cfg 2010/07/13 v1.3 Configuration of (r)epstopdf for TeX Liv
e
))
 !name(VFB_owled2014.tex) !offset(254) 
 !name(VFB_owled2014.tex) !offset(580)  ) 
Here is how much of TeX's memory you used:
 824 strings out of 491503
 13401 string characters out of 6115352
 96447 words of memory out of 5000000
 5855 multiletter control sequences out of 15000+600000
 7422 words of font info for 29 fonts, out of 8000000 for 9000
 1141 hyphenation exceptions out of 8191
 37i,5n,23p,253b,168s stack positions out of 5000i,500n,10000p,200000b,80000s

No pages of output.
PDF statistics:
 0 PDF objects out of 1000 (max. 8388607)
 0 named destinations out of 1000 (max. 500000)
 1 words of extra memory for PDF output out of 10000 (max. 10000000)

